7/30/2018 8:12:28 PM, Info: Initializing SIMPLSharp Services...
7/30/2018 8:12:28 PM, Info: ProjectInfo successfully initialized.
7/30/2018 8:12:52 PM, Info: Validating assembly C:\Crestron\Simpl\usrSIMPL#\WSClient\WSClient\bin\Debug\WSClient.dll...
7/30/2018 8:12:52 PM, Info: Verifying assembly C:\Crestron\Simpl\usrSIMPL#\WSClient\WSClient\bin\Debug\WSClient.dll
7/30/2018 8:12:52 PM, Info: Creating Archive C:\Crestron\Simpl\usrSIMPL#\WSClient\WSClient\bin\Debug\WSClient.clz...
7/30/2018 8:12:53 PM, Info: Saving project information...
7/30/2018 8:29:37 PM, Info: Validating assembly C:\Crestron\Simpl\usrSIMPL#\WSClient\WSClient\bin\Release\WSClient.dll...
7/30/2018 8:29:37 PM, Info: Verifying assembly C:\Crestron\Simpl\usrSIMPL#\WSClient\WSClient\bin\Release\WSClient.dll
7/30/2018 8:29:37 PM, Info: Creating Archive C:\Crestron\Simpl\usrSIMPL#\WSClient\WSClient\bin\Release\WSClient.clz...
7/30/2018 8:29:37 PM, Info: Saving project information...
7/30/2018 8:29:42 PM, Info: Validating assembly C:\Crestron\Simpl\usrSIMPL#\WSClient\WSClient\bin\Release\WSClient.dll...
7/30/2018 8:29:42 PM, Info: Verifying assembly C:\Crestron\Simpl\usrSIMPL#\WSClient\WSClient\bin\Release\WSClient.dll
7/30/2018 8:29:42 PM, Info: Creating Archive C:\Crestron\Simpl\usrSIMPL#\WSClient\WSClient\bin\Release\WSClient.clz...
7/30/2018 8:29:43 PM, Info: Saving project information...
7/30/2018 8:31:24 PM, Info: Validating assembly C:\Crestron\Simpl\usrSIMPL#\WSClient\WSClient\bin\Release\WSClient.dll...
7/30/2018 8:31:24 PM, Info: Verifying assembly C:\Crestron\Simpl\usrSIMPL#\WSClient\WSClient\bin\Release\WSClient.dll
7/30/2018 8:31:24 PM, Info: Creating Archive C:\Crestron\Simpl\usrSIMPL#\WSClient\WSClient\bin\Release\WSClient.clz...
7/30/2018 8:31:24 PM, Info: Saving project information...
7/30/2018 8:33:46 PM, Info: Validating assembly C:\Crestron\Simpl\usrSIMPL#\WSClient\WSClient\bin\Release\WSClient.dll...
7/30/2018 8:33:46 PM, Info: Verifying assembly C:\Crestron\Simpl\usrSIMPL#\WSClient\WSClient\bin\Release\WSClient.dll
7/30/2018 8:33:46 PM, Info: Creating Archive C:\Crestron\Simpl\usrSIMPL#\WSClient\WSClient\bin\Release\WSClient.clz...
7/30/2018 8:33:46 PM, Info: Saving project information...
7/30/2018 8:34:33 PM, Info: Validating assembly C:\Crestron\Simpl\usrSIMPL#\WSClient\WSClient\bin\Release\WSClient.dll...
7/30/2018 8:34:33 PM, Info: Verifying assembly C:\Crestron\Simpl\usrSIMPL#\WSClient\WSClient\bin\Release\WSClient.dll
7/30/2018 8:34:33 PM, Info: Creating Archive C:\Crestron\Simpl\usrSIMPL#\WSClient\WSClient\bin\Release\WSClient.clz...
7/30/2018 8:34:34 PM, Info: Saving project information...
7/30/2018 8:34:35 PM, Info: Validating assembly C:\Crestron\Simpl\usrSIMPL#\WSClient\WSClient\bin\Release\WSClient.dll...
7/30/2018 8:34:35 PM, Info: Verifying assembly C:\Crestron\Simpl\usrSIMPL#\WSClient\WSClient\bin\Release\WSClient.dll
7/30/2018 8:34:35 PM, Info: Creating Archive C:\Crestron\Simpl\usrSIMPL#\WSClient\WSClient\bin\Release\WSClient.clz...
7/30/2018 8:34:35 PM, Info: Saving project information...
7/30/2018 8:34:37 PM, Info: Validating assembly C:\Crestron\Simpl\usrSIMPL#\WSClient\WSClient\bin\Release\WSClient.dll...
7/30/2018 8:34:37 PM, Info: Verifying assembly C:\Crestron\Simpl\usrSIMPL#\WSClient\WSClient\bin\Release\WSClient.dll
7/30/2018 8:34:37 PM, Info: Creating Archive C:\Crestron\Simpl\usrSIMPL#\WSClient\WSClient\bin\Release\WSClient.clz...
7/30/2018 8:34:38 PM, Info: Saving project information...
7/30/2018 8:46:38 PM, Info: Validating assembly C:\Crestron\Simpl\usrSIMPL#\WSClient\WSClient\bin\Release\WSClient.dll...
7/30/2018 8:46:38 PM, Info: Verifying assembly C:\Crestron\Simpl\usrSIMPL#\WSClient\WSClient\bin\Release\WSClient.dll
7/30/2018 8:46:38 PM, Info: Creating Archive C:\Crestron\Simpl\usrSIMPL#\WSClient\WSClient\bin\Release\WSClient.clz...
7/30/2018 8:46:38 PM, Info: Saving project information...
7/30/2018 8:50:02 PM, Info: Validating assembly C:\Crestron\Simpl\usrSIMPL#\WSClient\WSClient\bin\Release\WSClient.dll...
7/30/2018 8:50:02 PM, Info: Verifying assembly C:\Crestron\Simpl\usrSIMPL#\WSClient\WSClient\bin\Release\WSClient.dll
7/30/2018 8:50:02 PM, Info: Creating Archive C:\Crestron\Simpl\usrSIMPL#\WSClient\WSClient\bin\Release\WSClient.clz...
7/30/2018 8:50:03 PM, Info: Saving project information...
7/30/2018 8:50:05 PM, Info: Validating assembly C:\Crestron\Simpl\usrSIMPL#\WSClient\WSClient\bin\Release\WSClient.dll...
7/30/2018 8:50:05 PM, Info: Verifying assembly C:\Crestron\Simpl\usrSIMPL#\WSClient\WSClient\bin\Release\WSClient.dll
7/30/2018 8:50:05 PM, Info: Creating Archive C:\Crestron\Simpl\usrSIMPL#\WSClient\WSClient\bin\Release\WSClient.clz...
7/30/2018 8:50:05 PM, Info: Saving project information...
7/30/2018 8:53:55 PM, Info: Validating assembly C:\Crestron\Simpl\usrSIMPL#\WSClient\WSClient\bin\Release\WSClient.dll...
7/30/2018 8:53:55 PM, Info: Verifying assembly C:\Crestron\Simpl\usrSIMPL#\WSClient\WSClient\bin\Release\WSClient.dll
7/30/2018 8:53:55 PM, Info: Creating Archive C:\Crestron\Simpl\usrSIMPL#\WSClient\WSClient\bin\Release\WSClient.clz...
7/30/2018 8:53:55 PM, Info: Saving project information...
7/30/2018 8:54:00 PM, Info: Validating assembly C:\Crestron\Simpl\usrSIMPL#\WSClient\WSClient\bin\Release\WSClient.dll...
7/30/2018 8:54:00 PM, Info: Verifying assembly C:\Crestron\Simpl\usrSIMPL#\WSClient\WSClient\bin\Release\WSClient.dll
7/30/2018 8:54:00 PM, Info: Creating Archive C:\Crestron\Simpl\usrSIMPL#\WSClient\WSClient\bin\Release\WSClient.clz...
7/30/2018 8:54:00 PM, Info: Saving project information...
7/30/2018 8:54:07 PM, Info: Validating assembly C:\Crestron\Simpl\usrSIMPL#\WSClient\WSClient\bin\Release\WSClient.dll...
7/30/2018 8:54:07 PM, Info: Verifying assembly C:\Crestron\Simpl\usrSIMPL#\WSClient\WSClient\bin\Release\WSClient.dll
7/30/2018 8:54:07 PM, Info: Creating Archive C:\Crestron\Simpl\usrSIMPL#\WSClient\WSClient\bin\Release\WSClient.clz...
7/30/2018 8:54:08 PM, Info: Saving project information...
7/30/2018 8:54:09 PM, Info: Validating assembly C:\Crestron\Simpl\usrSIMPL#\WSClient\WSClient\bin\Release\WSClient.dll...
7/30/2018 8:54:09 PM, Info: Verifying assembly C:\Crestron\Simpl\usrSIMPL#\WSClient\WSClient\bin\Release\WSClient.dll
7/30/2018 8:54:09 PM, Info: Creating Archive C:\Crestron\Simpl\usrSIMPL#\WSClient\WSClient\bin\Release\WSClient.clz...
7/30/2018 8:54:09 PM, Info: Saving project information...
7/30/2018 8:54:11 PM, Info: Validating assembly C:\Crestron\Simpl\usrSIMPL#\WSClient\WSClient\bin\Release\WSClient.dll...
7/30/2018 8:54:11 PM, Info: Verifying assembly C:\Crestron\Simpl\usrSIMPL#\WSClient\WSClient\bin\Release\WSClient.dll
7/30/2018 8:54:11 PM, Info: Creating Archive C:\Crestron\Simpl\usrSIMPL#\WSClient\WSClient\bin\Release\WSClient.clz...
7/30/2018 8:54:12 PM, Info: Saving project information...
7/30/2018 9:00:22 PM, Info: Validating assembly C:\Crestron\Simpl\usrSIMPL#\WSClient\WSClient\bin\Release\WSClient.dll...
7/30/2018 9:00:22 PM, Info: Verifying assembly C:\Crestron\Simpl\usrSIMPL#\WSClient\WSClient\bin\Release\WSClient.dll
7/30/2018 9:00:22 PM, Info: Creating Archive C:\Crestron\Simpl\usrSIMPL#\WSClient\WSClient\bin\Release\WSClient.clz...
7/30/2018 9:00:22 PM, Info: Saving project information...
7/30/2018 9:05:28 PM, Info: Validating assembly C:\Crestron\Simpl\usrSIMPL#\WSClient\WSClient\bin\Release\WSClient.dll...
7/30/2018 9:05:28 PM, Info: Verifying assembly C:\Crestron\Simpl\usrSIMPL#\WSClient\WSClient\bin\Release\WSClient.dll
7/30/2018 9:05:28 PM, Info: Creating Archive C:\Crestron\Simpl\usrSIMPL#\WSClient\WSClient\bin\Release\WSClient.clz...
7/30/2018 9:05:28 PM, Info: Saving project information...
7/30/2018 9:07:01 PM, Info: Validating assembly C:\Crestron\Simpl\usrSIMPL#\WSClient\WSClient\bin\Release\WSClient.dll...
7/30/2018 9:07:01 PM, Info: Verifying assembly C:\Crestron\Simpl\usrSIMPL#\WSClient\WSClient\bin\Release\WSClient.dll
7/30/2018 9:07:01 PM, Info: Creating Archive C:\Crestron\Simpl\usrSIMPL#\WSClient\WSClient\bin\Release\WSClient.clz...
7/30/2018 9:07:01 PM, Info: Saving project information...
7/30/2018 9:07:08 PM, Info: Validating assembly C:\Crestron\Simpl\usrSIMPL#\WSClient\WSClient\bin\Release\WSClient.dll...
7/30/2018 9:07:08 PM, Info: Verifying assembly C:\Crestron\Simpl\usrSIMPL#\WSClient\WSClient\bin\Release\WSClient.dll
7/30/2018 9:07:08 PM, Info: Creating Archive C:\Crestron\Simpl\usrSIMPL#\WSClient\WSClient\bin\Release\WSClient.clz...
7/30/2018 9:07:08 PM, Info: Saving project information...
7/30/2018 9:53:55 PM, Info: Validating assembly C:\Crestron\Simpl\usrSIMPL#\WSClient\WSClient\bin\Release\WSClient.dll...
7/30/2018 9:53:55 PM, Info: Verifying assembly C:\Crestron\Simpl\usrSIMPL#\WSClient\WSClient\bin\Release\WSClient.dll
7/30/2018 9:53:55 PM, Info: Creating Archive C:\Crestron\Simpl\usrSIMPL#\WSClient\WSClient\bin\Release\WSClient.clz...
7/30/2018 9:53:55 PM, Info: Saving project information...
7/30/2018 9:54:00 PM, Info: Validating assembly C:\Crestron\Simpl\usrSIMPL#\WSClient\WSClient\bin\Release\WSClient.dll...
7/30/2018 9:54:01 PM, Info: Verifying assembly C:\Crestron\Simpl\usrSIMPL#\WSClient\WSClient\bin\Release\WSClient.dll
7/30/2018 9:54:01 PM, Info: Creating Archive C:\Crestron\Simpl\usrSIMPL#\WSClient\WSClient\bin\Release\WSClient.clz...
7/30/2018 9:54:01 PM, Info: Saving project information...
7/30/2018 9:54:49 PM, Info: Validating assembly C:\Crestron\Simpl\usrSIMPL#\WSClient\WSClient\bin\Release\WSClient.dll...
7/30/2018 9:54:49 PM, Info: Verifying assembly C:\Crestron\Simpl\usrSIMPL#\WSClient\WSClient\bin\Release\WSClient.dll
7/30/2018 9:54:49 PM, Info: Creating Archive C:\Crestron\Simpl\usrSIMPL#\WSClient\WSClient\bin\Release\WSClient.clz...
7/30/2018 9:54:49 PM, Info: Saving project information...
7/30/2018 10:09:22 PM, Info: Validating assembly C:\Crestron\Simpl\usrSIMPL#\WSClient\WSClient\bin\Release\WSClient.dll...
7/30/2018 10:09:22 PM, Info: Verifying assembly C:\Crestron\Simpl\usrSIMPL#\WSClient\WSClient\bin\Release\WSClient.dll
7/30/2018 10:09:22 PM, Info: Creating Archive C:\Crestron\Simpl\usrSIMPL#\WSClient\WSClient\bin\Release\WSClient.clz...
7/30/2018 10:09:23 PM, Info: Saving project information...
7/30/2018 10:11:08 PM, Info: Validating assembly C:\Crestron\Simpl\usrSIMPL#\WSClient\WSClient\bin\Debug\WSClient.dll...
7/30/2018 10:11:08 PM, Info: Verifying assembly C:\Crestron\Simpl\usrSIMPL#\WSClient\WSClient\bin\Debug\WSClient.dll
7/30/2018 10:11:08 PM, Info: Creating Archive C:\Crestron\Simpl\usrSIMPL#\WSClient\WSClient\bin\Debug\WSClient.clz...
7/30/2018 10:11:09 PM, Info: Saving project information...
7/30/2018 10:26:56 PM, Info: Validating assembly C:\Crestron\Simpl\usrSIMPL#\WSClient\WSClient\bin\Debug\WSClient.dll...
7/30/2018 10:26:57 PM, Info: Verifying assembly C:\Crestron\Simpl\usrSIMPL#\WSClient\WSClient\bin\Debug\WSClient.dll
7/30/2018 10:26:57 PM, Info: Creating Archive C:\Crestron\Simpl\usrSIMPL#\WSClient\WSClient\bin\Debug\WSClient.clz...
7/30/2018 10:26:57 PM, Info: Saving project information...
7/31/2018 9:50:01 AM, Info: Validating assembly C:\Crestron\Simpl\usrSIMPL#\WSClient\WSClient\bin\Debug\WSClient.dll...
7/31/2018 9:50:01 AM, Info: Verifying assembly C:\Crestron\Simpl\usrSIMPL#\WSClient\WSClient\bin\Debug\WSClient.dll
7/31/2018 9:50:01 AM, Info: Creating Archive C:\Crestron\Simpl\usrSIMPL#\WSClient\WSClient\bin\Debug\WSClient.clz...
7/31/2018 9:50:01 AM, Info: Saving project information...
7/31/2018 9:50:12 AM, Info: Validating assembly C:\Crestron\Simpl\usrSIMPL#\WSClient\WSClient\bin\Debug\WSClient.dll...
7/31/2018 9:50:12 AM, Info: Verifying assembly C:\Crestron\Simpl\usrSIMPL#\WSClient\WSClient\bin\Debug\WSClient.dll
7/31/2018 9:50:12 AM, Info: Creating Archive C:\Crestron\Simpl\usrSIMPL#\WSClient\WSClient\bin\Debug\WSClient.clz...
7/31/2018 9:50:12 AM, Info: Saving project information...
7/31/2018 9:53:37 AM, Info: Validating assembly C:\Crestron\Simpl\usrSIMPL#\WSClient\WSClient\bin\Debug\WSClient.dll...
7/31/2018 9:53:37 AM, Info: Verifying assembly C:\Crestron\Simpl\usrSIMPL#\WSClient\WSClient\bin\Debug\WSClient.dll
7/31/2018 9:53:37 AM, Info: Creating Archive C:\Crestron\Simpl\usrSIMPL#\WSClient\WSClient\bin\Debug\WSClient.clz...
7/31/2018 9:53:37 AM, Info: Saving project information...
7/31/2018 10:12:27 AM, Info: Validating assembly C:\Crestron\Simpl\usrSIMPL#\WSClient\WSClient\bin\Debug\WSClient.dll...
7/31/2018 10:12:28 AM, Info: Verifying assembly C:\Crestron\Simpl\usrSIMPL#\WSClient\WSClient\bin\Debug\WSClient.dll
7/31/2018 10:12:28 AM, Info: Creating Archive C:\Crestron\Simpl\usrSIMPL#\WSClient\WSClient\bin\Debug\WSClient.clz...
7/31/2018 10:12:28 AM, Info: Saving project information...
7/31/2018 10:24:24 AM, Info: Validating assembly C:\Crestron\Simpl\usrSIMPL#\WSClient\WSClient\bin\Debug\WSClient.dll...
7/31/2018 10:24:25 AM, Info: Verifying assembly C:\Crestron\Simpl\usrSIMPL#\WSClient\WSClient\bin\Debug\WSClient.dll
7/31/2018 10:24:25 AM, Info: Creating Archive C:\Crestron\Simpl\usrSIMPL#\WSClient\WSClient\bin\Debug\WSClient.clz...
7/31/2018 10:24:25 AM, Info: Saving project information...
7/31/2018 10:49:26 AM, Info: Validating assembly C:\Crestron\Simpl\usrSIMPL#\WSClient\WSClient\bin\Debug\WSClient.dll...
7/31/2018 10:49:26 AM, Info: Verifying assembly C:\Crestron\Simpl\usrSIMPL#\WSClient\WSClient\bin\Debug\WSClient.dll
7/31/2018 10:49:26 AM, Info: Creating Archive C:\Crestron\Simpl\usrSIMPL#\WSClient\WSClient\bin\Debug\WSClient.clz...
7/31/2018 10:49:26 AM, Info: Saving project information...
7/31/2018 11:02:43 AM, Info: Validating assembly C:\Crestron\Simpl\usrSIMPL#\WSClient\WSClient\bin\Debug\WSClient.dll...
7/31/2018 11:02:44 AM, Info: Verifying assembly C:\Crestron\Simpl\usrSIMPL#\WSClient\WSClient\bin\Debug\WSClient.dll
7/31/2018 11:02:44 AM, Info: Creating Archive C:\Crestron\Simpl\usrSIMPL#\WSClient\WSClient\bin\Debug\WSClient.clz...
7/31/2018 11:02:44 AM, Info: Saving project information...
7/31/2018 11:03:34 AM, Info: Validating assembly C:\Crestron\Simpl\usrSIMPL#\WSClient\WSClient\bin\Debug\WSClient.dll...
7/31/2018 11:03:34 AM, Info: Verifying assembly C:\Crestron\Simpl\usrSIMPL#\WSClient\WSClient\bin\Debug\WSClient.dll
7/31/2018 11:03:34 AM, Info: Creating Archive C:\Crestron\Simpl\usrSIMPL#\WSClient\WSClient\bin\Debug\WSClient.clz...
7/31/2018 11:03:34 AM, Info: Saving project information...
7/31/2018 11:25:20 AM, Info: Terminating SIMPLSharp Services
