7/31/2018 11:26:46 AM, Info: Initializing SIMPLSharp Services...
7/31/2018 11:26:46 AM, Info: ProjectInfo successfully initialized.
7/31/2018 11:28:03 AM, Info: Validating assembly C:\Crestron\Simpl\usrSIMPL#\WSClient\WSClient\bin\Debug\WSClient.dll...
7/31/2018 11:28:03 AM, Info: Verifying assembly C:\Crestron\Simpl\usrSIMPL#\WSClient\WSClient\bin\Debug\WSClient.dll
7/31/2018 11:28:03 AM, Info: Creating Archive C:\Crestron\Simpl\usrSIMPL#\WSClient\WSClient\bin\Debug\WSClient.clz...
7/31/2018 11:28:03 AM, Info: Saving project information...
7/31/2018 11:32:47 AM, Info: Validating assembly C:\Crestron\Simpl\usrSIMPL#\WSClient\WSClient\bin\Debug\WSClient.dll...
7/31/2018 11:32:47 AM, Info: Verifying assembly C:\Crestron\Simpl\usrSIMPL#\WSClient\WSClient\bin\Debug\WSClient.dll
7/31/2018 11:32:47 AM, Info: Creating Archive C:\Crestron\Simpl\usrSIMPL#\WSClient\WSClient\bin\Debug\WSClient.clz...
7/31/2018 11:32:47 AM, Info: Saving project information...
7/31/2018 11:36:57 AM, Info: Validating assembly C:\Crestron\Simpl\usrSIMPL#\WSClient\WSClient\bin\Debug\WSClient.dll...
7/31/2018 11:36:57 AM, Info: Verifying assembly C:\Crestron\Simpl\usrSIMPL#\WSClient\WSClient\bin\Debug\WSClient.dll
7/31/2018 11:36:57 AM, Info: Creating Archive C:\Crestron\Simpl\usrSIMPL#\WSClient\WSClient\bin\Debug\WSClient.clz...
7/31/2018 11:36:57 AM, Info: Saving project information...
7/31/2018 11:37:49 AM, Info: Validating assembly C:\Crestron\Simpl\usrSIMPL#\WSClient\WSClient\bin\Debug\WSClient.dll...
7/31/2018 11:37:49 AM, Info: Verifying assembly C:\Crestron\Simpl\usrSIMPL#\WSClient\WSClient\bin\Debug\WSClient.dll
7/31/2018 11:37:49 AM, Info: Creating Archive C:\Crestron\Simpl\usrSIMPL#\WSClient\WSClient\bin\Debug\WSClient.clz...
7/31/2018 11:37:49 AM, Info: Saving project information...
7/31/2018 11:38:30 AM, Info: Validating assembly C:\Crestron\Simpl\usrSIMPL#\WSClient\WSClient\bin\Debug\WSClient.dll...
7/31/2018 11:38:30 AM, Info: Verifying assembly C:\Crestron\Simpl\usrSIMPL#\WSClient\WSClient\bin\Debug\WSClient.dll
7/31/2018 11:38:30 AM, Info: Creating Archive C:\Crestron\Simpl\usrSIMPL#\WSClient\WSClient\bin\Debug\WSClient.clz...
7/31/2018 11:38:30 AM, Info: Saving project information...
7/31/2018 11:40:21 AM, Info: Validating assembly C:\Crestron\Simpl\usrSIMPL#\WSClient\WSClient\bin\Debug\WSClient.dll...
7/31/2018 11:40:21 AM, Info: Verifying assembly C:\Crestron\Simpl\usrSIMPL#\WSClient\WSClient\bin\Debug\WSClient.dll
7/31/2018 11:40:22 AM, Info: Creating Archive C:\Crestron\Simpl\usrSIMPL#\WSClient\WSClient\bin\Debug\WSClient.clz...
7/31/2018 11:40:22 AM, Info: Saving project information...
7/31/2018 11:41:33 AM, Info: Validating assembly C:\Crestron\Simpl\usrSIMPL#\WSClient\WSClient\bin\Debug\WSClient.dll...
7/31/2018 11:41:34 AM, Info: Verifying assembly C:\Crestron\Simpl\usrSIMPL#\WSClient\WSClient\bin\Debug\WSClient.dll
7/31/2018 11:41:34 AM, Info: Creating Archive C:\Crestron\Simpl\usrSIMPL#\WSClient\WSClient\bin\Debug\WSClient.clz...
7/31/2018 11:41:34 AM, Info: Saving project information...
7/31/2018 11:42:01 AM, Info: Validating assembly C:\Crestron\Simpl\usrSIMPL#\WSClient\WSClient\bin\Debug\WSClient.dll...
7/31/2018 11:42:01 AM, Info: Verifying assembly C:\Crestron\Simpl\usrSIMPL#\WSClient\WSClient\bin\Debug\WSClient.dll
7/31/2018 11:42:01 AM, Info: Creating Archive C:\Crestron\Simpl\usrSIMPL#\WSClient\WSClient\bin\Debug\WSClient.clz...
7/31/2018 11:42:01 AM, Info: Saving project information...
7/31/2018 11:42:40 AM, Info: Validating assembly C:\Crestron\Simpl\usrSIMPL#\WSClient\WSClient\bin\Debug\WSClient.dll...
7/31/2018 11:42:40 AM, Info: Verifying assembly C:\Crestron\Simpl\usrSIMPL#\WSClient\WSClient\bin\Debug\WSClient.dll
7/31/2018 11:42:40 AM, Info: Creating Archive C:\Crestron\Simpl\usrSIMPL#\WSClient\WSClient\bin\Debug\WSClient.clz...
7/31/2018 11:42:40 AM, Info: Saving project information...
7/31/2018 11:46:49 AM, Info: Validating assembly C:\Crestron\Simpl\usrSIMPL#\WSClient\WSClient\bin\Debug\WSClient.dll...
7/31/2018 11:46:49 AM, Info: Verifying assembly C:\Crestron\Simpl\usrSIMPL#\WSClient\WSClient\bin\Debug\WSClient.dll
7/31/2018 11:46:49 AM, Info: Creating Archive C:\Crestron\Simpl\usrSIMPL#\WSClient\WSClient\bin\Debug\WSClient.clz...
7/31/2018 11:46:50 AM, Info: Saving project information...
7/31/2018 11:48:16 AM, Info: Validating assembly C:\Crestron\Simpl\usrSIMPL#\WSClient\WSClient\bin\Debug\WSClient.dll...
7/31/2018 11:48:16 AM, Info: Verifying assembly C:\Crestron\Simpl\usrSIMPL#\WSClient\WSClient\bin\Debug\WSClient.dll
7/31/2018 11:48:16 AM, Info: Creating Archive C:\Crestron\Simpl\usrSIMPL#\WSClient\WSClient\bin\Debug\WSClient.clz...
7/31/2018 11:48:17 AM, Info: Saving project information...
7/31/2018 11:55:50 AM, Info: Validating assembly C:\Crestron\Simpl\usrSIMPL#\WSClient\WSClient\bin\Debug\WSClient.dll...
7/31/2018 11:55:51 AM, Info: Verifying assembly C:\Crestron\Simpl\usrSIMPL#\WSClient\WSClient\bin\Debug\WSClient.dll
7/31/2018 11:55:51 AM, Info: Creating Archive C:\Crestron\Simpl\usrSIMPL#\WSClient\WSClient\bin\Debug\WSClient.clz...
7/31/2018 11:55:51 AM, Info: Saving project information...
7/31/2018 11:59:45 AM, Info: Validating assembly C:\Crestron\Simpl\usrSIMPL#\WSClient\WSClient\bin\Debug\WSClient.dll...
7/31/2018 11:59:45 AM, Info: Verifying assembly C:\Crestron\Simpl\usrSIMPL#\WSClient\WSClient\bin\Debug\WSClient.dll
7/31/2018 11:59:45 AM, Info: Creating Archive C:\Crestron\Simpl\usrSIMPL#\WSClient\WSClient\bin\Debug\WSClient.clz...
7/31/2018 11:59:45 AM, Info: Saving project information...
7/31/2018 12:02:45 PM, Info: Validating assembly C:\Crestron\Simpl\usrSIMPL#\WSClient\WSClient\bin\Debug\WSClient.dll...
7/31/2018 12:02:46 PM, Info: Verifying assembly C:\Crestron\Simpl\usrSIMPL#\WSClient\WSClient\bin\Debug\WSClient.dll
7/31/2018 12:02:46 PM, Info: Creating Archive C:\Crestron\Simpl\usrSIMPL#\WSClient\WSClient\bin\Debug\WSClient.clz...
7/31/2018 12:02:46 PM, Info: Saving project information...
7/31/2018 12:03:41 PM, Info: Validating assembly C:\Crestron\Simpl\usrSIMPL#\WSClient\WSClient\bin\Debug\WSClient.dll...
7/31/2018 12:03:41 PM, Info: Verifying assembly C:\Crestron\Simpl\usrSIMPL#\WSClient\WSClient\bin\Debug\WSClient.dll
7/31/2018 12:03:41 PM, Info: Creating Archive C:\Crestron\Simpl\usrSIMPL#\WSClient\WSClient\bin\Debug\WSClient.clz...
7/31/2018 12:03:42 PM, Info: Saving project information...
7/31/2018 12:06:08 PM, Info: Validating assembly C:\Crestron\Simpl\usrSIMPL#\WSClient\WSClient\bin\Debug\WSClient.dll...
7/31/2018 12:06:08 PM, Info: Verifying assembly C:\Crestron\Simpl\usrSIMPL#\WSClient\WSClient\bin\Debug\WSClient.dll
7/31/2018 12:06:08 PM, Info: Creating Archive C:\Crestron\Simpl\usrSIMPL#\WSClient\WSClient\bin\Debug\WSClient.clz...
7/31/2018 12:06:08 PM, Info: Saving project information...
7/31/2018 12:06:18 PM, Info: Validating assembly C:\Crestron\Simpl\usrSIMPL#\WSClient\WSClient\bin\Debug\WSClient.dll...
7/31/2018 12:06:19 PM, Info: Verifying assembly C:\Crestron\Simpl\usrSIMPL#\WSClient\WSClient\bin\Debug\WSClient.dll
7/31/2018 12:06:19 PM, Info: Creating Archive C:\Crestron\Simpl\usrSIMPL#\WSClient\WSClient\bin\Debug\WSClient.clz...
7/31/2018 12:06:19 PM, Info: Saving project information...
7/31/2018 12:11:19 PM, Info: Validating assembly C:\Crestron\Simpl\usrSIMPL#\WSClient\WSClient\bin\Debug\WSClient.dll...
7/31/2018 12:11:19 PM, Info: Verifying assembly C:\Crestron\Simpl\usrSIMPL#\WSClient\WSClient\bin\Debug\WSClient.dll
7/31/2018 12:11:19 PM, Info: Creating Archive C:\Crestron\Simpl\usrSIMPL#\WSClient\WSClient\bin\Debug\WSClient.clz...
7/31/2018 12:11:19 PM, Info: Saving project information...
7/31/2018 12:17:47 PM, Info: Validating assembly C:\Crestron\Simpl\usrSIMPL#\WSClient\WSClient\bin\Debug\WSClient.dll...
7/31/2018 12:17:47 PM, Info: Verifying assembly C:\Crestron\Simpl\usrSIMPL#\WSClient\WSClient\bin\Debug\WSClient.dll
7/31/2018 12:17:48 PM, Info: Creating Archive C:\Crestron\Simpl\usrSIMPL#\WSClient\WSClient\bin\Debug\WSClient.clz...
7/31/2018 12:17:48 PM, Info: Saving project information...
7/31/2018 1:24:38 PM, Info: Validating assembly C:\Crestron\Simpl\usrSIMPL#\WSClient\WSClient\bin\Debug\WSClient.dll...
7/31/2018 1:24:38 PM, Info: Verifying assembly C:\Crestron\Simpl\usrSIMPL#\WSClient\WSClient\bin\Debug\WSClient.dll
7/31/2018 1:24:38 PM, Info: Creating Archive C:\Crestron\Simpl\usrSIMPL#\WSClient\WSClient\bin\Debug\WSClient.clz...
7/31/2018 1:24:38 PM, Info: Saving project information...
7/31/2018 1:24:40 PM, Info: Validating assembly C:\Crestron\Simpl\usrSIMPL#\WSClient\WSClient\bin\Debug\WSClient.dll...
7/31/2018 1:24:40 PM, Info: Verifying assembly C:\Crestron\Simpl\usrSIMPL#\WSClient\WSClient\bin\Debug\WSClient.dll
7/31/2018 1:24:40 PM, Info: Creating Archive C:\Crestron\Simpl\usrSIMPL#\WSClient\WSClient\bin\Debug\WSClient.clz...
7/31/2018 1:24:40 PM, Info: Saving project information...
7/31/2018 1:24:50 PM, Info: Validating assembly C:\Crestron\Simpl\usrSIMPL#\WSClient\WSClient\bin\Debug\WSClient.dll...
7/31/2018 1:24:50 PM, Info: Verifying assembly C:\Crestron\Simpl\usrSIMPL#\WSClient\WSClient\bin\Debug\WSClient.dll
7/31/2018 1:24:50 PM, Info: Creating Archive C:\Crestron\Simpl\usrSIMPL#\WSClient\WSClient\bin\Debug\WSClient.clz...
7/31/2018 1:24:51 PM, Info: Saving project information...
7/31/2018 1:29:49 PM, Info: Validating assembly C:\Crestron\Simpl\usrSIMPL#\WSClient\WSClient\bin\Debug\WSClient.dll...
7/31/2018 1:29:49 PM, Info: Verifying assembly C:\Crestron\Simpl\usrSIMPL#\WSClient\WSClient\bin\Debug\WSClient.dll
7/31/2018 1:29:50 PM, Info: Creating Archive C:\Crestron\Simpl\usrSIMPL#\WSClient\WSClient\bin\Debug\WSClient.clz...
7/31/2018 1:29:50 PM, Info: Saving project information...
7/31/2018 1:35:44 PM, Info: Validating assembly C:\Crestron\Simpl\usrSIMPL#\WSClient\WSClient\bin\Debug\WSClient.dll...
7/31/2018 1:35:44 PM, Info: Verifying assembly C:\Crestron\Simpl\usrSIMPL#\WSClient\WSClient\bin\Debug\WSClient.dll
7/31/2018 1:35:44 PM, Info: Creating Archive C:\Crestron\Simpl\usrSIMPL#\WSClient\WSClient\bin\Debug\WSClient.clz...
7/31/2018 1:35:44 PM, Info: Saving project information...
7/31/2018 1:38:38 PM, Info: Validating assembly C:\Crestron\Simpl\usrSIMPL#\WSClient\WSClient\bin\Debug\WSClient.dll...
7/31/2018 1:38:38 PM, Info: Verifying assembly C:\Crestron\Simpl\usrSIMPL#\WSClient\WSClient\bin\Debug\WSClient.dll
7/31/2018 1:38:38 PM, Info: Creating Archive C:\Crestron\Simpl\usrSIMPL#\WSClient\WSClient\bin\Debug\WSClient.clz...
7/31/2018 1:38:38 PM, Info: Saving project information...
7/31/2018 1:39:18 PM, Info: Validating assembly C:\Crestron\Simpl\usrSIMPL#\WSClient\WSClient\bin\Debug\WSClient.dll...
7/31/2018 1:39:19 PM, Info: Verifying assembly C:\Crestron\Simpl\usrSIMPL#\WSClient\WSClient\bin\Debug\WSClient.dll
7/31/2018 1:39:19 PM, Info: Creating Archive C:\Crestron\Simpl\usrSIMPL#\WSClient\WSClient\bin\Debug\WSClient.clz...
7/31/2018 1:39:19 PM, Info: Saving project information...
7/31/2018 1:44:52 PM, Info: Terminating SIMPLSharp Services
