8/2/2018 1:54:02 PM, Info: Initializing SIMPLSharp Services...
8/2/2018 1:54:02 PM, Info: ProjectInfo successfully initialized.
8/2/2018 2:46:13 PM, Info: Validating assembly C:\Crestron\Simpl\usrSIMPL#\WSClient\WSClient\bin\Debug\WSClient.dll...
8/2/2018 2:46:13 PM, Info: Verifying assembly C:\Crestron\Simpl\usrSIMPL#\WSClient\WSClient\bin\Debug\WSClient.dll
8/2/2018 2:46:13 PM, Info: Creating Archive C:\Crestron\Simpl\usrSIMPL#\WSClient\WSClient\bin\Debug\WSClient.clz...
8/2/2018 2:46:14 PM, Info: Saving project information...
8/2/2018 2:46:25 PM, Info: Validating assembly C:\Crestron\Simpl\usrSIMPL#\WSClient\WSClient\bin\Debug\WSClient.dll...
8/2/2018 2:46:25 PM, Info: Verifying assembly C:\Crestron\Simpl\usrSIMPL#\WSClient\WSClient\bin\Debug\WSClient.dll
8/2/2018 2:46:25 PM, Info: Creating Archive C:\Crestron\Simpl\usrSIMPL#\WSClient\WSClient\bin\Debug\WSClient.clz...
8/2/2018 2:46:25 PM, Info: Saving project information...
8/2/2018 3:21:52 PM, Info: Saving project information...
8/2/2018 3:21:52 PM, Info: Saving project information...
8/2/2018 3:21:52 PM, Info: Saving project information...
8/2/2018 3:21:52 PM, Info: Saving project information...
8/2/2018 3:21:52 PM, Info: Saving project information...
8/2/2018 3:21:52 PM, Info: Saving project information...
8/2/2018 3:21:52 PM, Info: Validating assembly C:\Crestron\Simpl\usrSIMPL#\WSClient\WSClient\bin\Debug\WSClient.dll...
8/2/2018 3:21:52 PM, Info: Verifying assembly C:\Crestron\Simpl\usrSIMPL#\WSClient\WSClient\bin\Debug\WSClient.dll
8/2/2018 3:21:53 PM, Info: Creating Archive C:\Crestron\Simpl\usrSIMPL#\WSClient\WSClient\bin\Debug\WSClient.clz...
8/2/2018 3:21:53 PM, Info: Saving project information...
8/2/2018 3:23:27 PM, Info: Saving project information...
8/2/2018 3:23:27 PM, Info: Saving project information...
8/2/2018 3:23:27 PM, Info: Saving project information...
8/2/2018 3:23:27 PM, Info: Saving project information...
8/2/2018 3:23:27 PM, Info: Saving project information...
8/2/2018 3:23:27 PM, Info: Saving project information...
8/2/2018 3:23:30 PM, Info: Validating assembly C:\Crestron\Simpl\usrSIMPL#\WSClient\WSClient\bin\Debug\WSClient.dll...
8/2/2018 3:23:30 PM, Info: Verifying assembly C:\Crestron\Simpl\usrSIMPL#\WSClient\WSClient\bin\Debug\WSClient.dll
8/2/2018 3:23:30 PM, Info: Creating Archive C:\Crestron\Simpl\usrSIMPL#\WSClient\WSClient\bin\Debug\WSClient.clz...
8/2/2018 3:23:30 PM, Info: Saving project information...
8/2/2018 3:26:02 PM, Info: Terminating SIMPLSharp Services
