7/30/2018 5:49:58 PM, Info: Initializing SIMPLSharp Services...
7/30/2018 5:49:58 PM, Info: ProjectInfo successfully initialized.
7/30/2018 5:49:59 PM, Info: Saving project information...
7/30/2018 5:49:59 PM, Info: Saving project information...
7/30/2018 5:49:59 PM, Info: Saving project information...
7/30/2018 5:49:59 PM, Info: Saving project information...
7/30/2018 5:49:59 PM, Info: Saving project information...
7/30/2018 5:49:59 PM, Info: Saving project information...
7/30/2018 5:51:16 PM, Info: Validating assembly C:\Crestron\Simpl\usrSIMPL#\WSClient\WSClient\bin\Debug\WSClient.dll...
7/30/2018 5:51:16 PM, Info: Verifying assembly C:\Crestron\Simpl\usrSIMPL#\WSClient\WSClient\bin\Debug\WSClient.dll
7/30/2018 5:51:16 PM, Info: Creating Archive C:\Crestron\Simpl\usrSIMPL#\WSClient\WSClient\bin\Debug\WSClient.clz...
7/30/2018 5:51:16 PM, Info: Saving project information...
7/30/2018 5:51:18 PM, Info: Validating assembly C:\Crestron\Simpl\usrSIMPL#\WSClient\WSClient\bin\Debug\WSClient.dll...
7/30/2018 5:51:19 PM, Info: Verifying assembly C:\Crestron\Simpl\usrSIMPL#\WSClient\WSClient\bin\Debug\WSClient.dll
7/30/2018 5:51:19 PM, Info: Creating Archive C:\Crestron\Simpl\usrSIMPL#\WSClient\WSClient\bin\Debug\WSClient.clz...
7/30/2018 5:51:19 PM, Info: Saving project information...
7/30/2018 5:51:23 PM, Info: Validating assembly C:\Crestron\Simpl\usrSIMPL#\WSClient\WSClient\bin\Debug\WSClient.dll...
7/30/2018 5:51:23 PM, Info: Verifying assembly C:\Crestron\Simpl\usrSIMPL#\WSClient\WSClient\bin\Debug\WSClient.dll
7/30/2018 5:51:23 PM, Info: Creating Archive C:\Crestron\Simpl\usrSIMPL#\WSClient\WSClient\bin\Debug\WSClient.clz...
7/30/2018 5:51:23 PM, Info: Saving project information...
7/30/2018 5:51:25 PM, Info: Validating assembly C:\Crestron\Simpl\usrSIMPL#\WSClient\WSClient\bin\Debug\WSClient.dll...
7/30/2018 5:51:25 PM, Info: Verifying assembly C:\Crestron\Simpl\usrSIMPL#\WSClient\WSClient\bin\Debug\WSClient.dll
7/30/2018 5:51:25 PM, Info: Creating Archive C:\Crestron\Simpl\usrSIMPL#\WSClient\WSClient\bin\Debug\WSClient.clz...
7/30/2018 5:51:25 PM, Info: Saving project information...
7/30/2018 5:51:31 PM, Info: Validating assembly C:\Crestron\Simpl\usrSIMPL#\WSClient\WSClient\bin\Debug\WSClient.dll...
7/30/2018 5:51:31 PM, Info: Verifying assembly C:\Crestron\Simpl\usrSIMPL#\WSClient\WSClient\bin\Debug\WSClient.dll
7/30/2018 5:51:31 PM, Info: Creating Archive C:\Crestron\Simpl\usrSIMPL#\WSClient\WSClient\bin\Debug\WSClient.clz...
7/30/2018 5:51:32 PM, Info: Saving project information...
7/30/2018 5:53:29 PM, Info: Validating assembly C:\Crestron\Simpl\usrSIMPL#\WSClient\WSClient\bin\Debug\WSClient.dll...
7/30/2018 5:53:29 PM, Info: Verifying assembly C:\Crestron\Simpl\usrSIMPL#\WSClient\WSClient\bin\Debug\WSClient.dll
7/30/2018 5:53:29 PM, Info: Creating Archive C:\Crestron\Simpl\usrSIMPL#\WSClient\WSClient\bin\Debug\WSClient.clz...
7/30/2018 5:53:30 PM, Info: Saving project information...
7/30/2018 5:53:34 PM, Info: Validating assembly C:\Crestron\Simpl\usrSIMPL#\WSClient\WSClient\bin\Debug\WSClient.dll...
7/30/2018 5:53:34 PM, Info: Verifying assembly C:\Crestron\Simpl\usrSIMPL#\WSClient\WSClient\bin\Debug\WSClient.dll
7/30/2018 5:53:34 PM, Info: Creating Archive C:\Crestron\Simpl\usrSIMPL#\WSClient\WSClient\bin\Debug\WSClient.clz...
7/30/2018 5:53:34 PM, Info: Saving project information...
7/30/2018 5:53:36 PM, Info: Validating assembly C:\Crestron\Simpl\usrSIMPL#\WSClient\WSClient\bin\Debug\WSClient.dll...
7/30/2018 5:53:36 PM, Info: Verifying assembly C:\Crestron\Simpl\usrSIMPL#\WSClient\WSClient\bin\Debug\WSClient.dll
7/30/2018 5:53:36 PM, Info: Creating Archive C:\Crestron\Simpl\usrSIMPL#\WSClient\WSClient\bin\Debug\WSClient.clz...
7/30/2018 5:53:36 PM, Info: Saving project information...
7/30/2018 6:05:36 PM, Info: Terminating SIMPLSharp Services
