8/2/2018 12:03:26 PM, Info: Initializing SIMPLSharp Services...
8/2/2018 12:03:26 PM, Info: ProjectInfo successfully initialized.
8/2/2018 12:05:13 PM, Info: Validating assembly C:\Crestron\Simpl\usrSIMPL#\WSClient\WSClient\bin\Debug\WSClient.dll...
8/2/2018 12:05:13 PM, Info: Verifying assembly C:\Crestron\Simpl\usrSIMPL#\WSClient\WSClient\bin\Debug\WSClient.dll
8/2/2018 12:05:13 PM, Info: Creating Archive C:\Crestron\Simpl\usrSIMPL#\WSClient\WSClient\bin\Debug\WSClient.clz...
8/2/2018 12:05:14 PM, Info: Saving project information...
8/2/2018 12:12:32 PM, Info: Validating assembly C:\Crestron\Simpl\usrSIMPL#\WSClient\WSClient\bin\Debug\WSClient.dll...
8/2/2018 12:12:32 PM, Info: Verifying assembly C:\Crestron\Simpl\usrSIMPL#\WSClient\WSClient\bin\Debug\WSClient.dll
8/2/2018 12:12:32 PM, Info: Creating Archive C:\Crestron\Simpl\usrSIMPL#\WSClient\WSClient\bin\Debug\WSClient.clz...
8/2/2018 12:12:32 PM, Info: Saving project information...
8/2/2018 12:18:53 PM, Info: Validating assembly C:\Crestron\Simpl\usrSIMPL#\WSClient\WSClient\bin\Debug\WSClient.dll...
8/2/2018 12:18:53 PM, Info: Verifying assembly C:\Crestron\Simpl\usrSIMPL#\WSClient\WSClient\bin\Debug\WSClient.dll
8/2/2018 12:18:53 PM, Info: Creating Archive C:\Crestron\Simpl\usrSIMPL#\WSClient\WSClient\bin\Debug\WSClient.clz...
8/2/2018 12:18:53 PM, Info: Saving project information...
8/2/2018 12:24:32 PM, Info: Validating assembly C:\Crestron\Simpl\usrSIMPL#\WSClient\WSClient\bin\Debug\WSClient.dll...
8/2/2018 12:24:32 PM, Info: Verifying assembly C:\Crestron\Simpl\usrSIMPL#\WSClient\WSClient\bin\Debug\WSClient.dll
8/2/2018 12:24:32 PM, Info: Creating Archive C:\Crestron\Simpl\usrSIMPL#\WSClient\WSClient\bin\Debug\WSClient.clz...
8/2/2018 12:24:32 PM, Info: Saving project information...
8/2/2018 12:24:58 PM, Info: Validating assembly C:\Crestron\Simpl\usrSIMPL#\WSClient\WSClient\bin\Debug\WSClient.dll...
8/2/2018 12:24:58 PM, Info: Verifying assembly C:\Crestron\Simpl\usrSIMPL#\WSClient\WSClient\bin\Debug\WSClient.dll
8/2/2018 12:24:58 PM, Info: Creating Archive C:\Crestron\Simpl\usrSIMPL#\WSClient\WSClient\bin\Debug\WSClient.clz...
8/2/2018 12:24:59 PM, Info: Saving project information...
8/2/2018 12:31:29 PM, Info: Validating assembly C:\Crestron\Simpl\usrSIMPL#\WSClient\WSClient\bin\Debug\WSClient.dll...
8/2/2018 12:31:30 PM, Info: Verifying assembly C:\Crestron\Simpl\usrSIMPL#\WSClient\WSClient\bin\Debug\WSClient.dll
8/2/2018 12:31:30 PM, Info: Creating Archive C:\Crestron\Simpl\usrSIMPL#\WSClient\WSClient\bin\Debug\WSClient.clz...
8/2/2018 12:31:30 PM, Info: Saving project information...
8/2/2018 12:33:15 PM, Info: Saving project information...
8/2/2018 12:33:15 PM, Info: Saving project information...
8/2/2018 12:33:15 PM, Info: Saving project information...
8/2/2018 12:33:16 PM, Info: Saving project information...
8/2/2018 12:33:16 PM, Info: Saving project information...
8/2/2018 12:33:16 PM, Info: Saving project information...
8/2/2018 12:33:16 PM, Info: Validating assembly C:\Crestron\Simpl\usrSIMPL#\WSClient\WSClient\bin\Debug\WSClient.dll...
8/2/2018 12:33:16 PM, Info: Verifying assembly C:\Crestron\Simpl\usrSIMPL#\WSClient\WSClient\bin\Debug\WSClient.dll
8/2/2018 12:33:16 PM, Info: Creating Archive C:\Crestron\Simpl\usrSIMPL#\WSClient\WSClient\bin\Debug\WSClient.clz...
8/2/2018 12:33:16 PM, Info: Saving project information...
8/2/2018 1:35:57 PM, Info: Terminating SIMPLSharp Services
